# JRE version: Java(TM) SE Runtime Environment (8.0_151-b12) (build 1.8.0_151-b12)
# Java VM: Java HotSpot(TM) 64-Bit Server VM (25.151-b12 mixed mode windows-amd64 compressed oops)
Heap:
 PSYoungGen      total 57344K, used 8861K [0x0000000780800000, 0x0000000785e00000, 0x00000007c0000000)
  eden space 49152K, 5% used [0x0000000780800000,0x0000000780ac4c88,0x0000000783800000)
  from space 8192K, 73% used [0x0000000783800000,0x0000000783de2b58,0x0000000784000000)
  to   space 8192K, 0% used [0x0000000785600000,0x0000000785600000,0x0000000785e00000)
 ParOldGen       total 84480K, used 9722K [0x0000000701800000, 0x0000000706a80000, 0x0000000780800000)
  object space 84480K, 11% used [0x0000000701800000,0x000000070217eb90,0x0000000706a80000)
 Metaspace       used 28062K, capacity 29786K, committed 29824K, reserved 1075200K
  class space    used 3985K, capacity 4201K, committed 4224K, reserved 1048576K
GC Heap History (8 events):
Event: 2.194 GC heap before
{Heap before GC invocations=1 (full 0):
 PSYoungGen      total 57344K, used 49152K [0x0000000780800000, 0x0000000784800000, 0x00000007c0000000)
  eden space 49152K, 100% used [0x0000000780800000,0x0000000783800000,0x0000000783800000)
  from space 8192K, 0% used [0x0000000784000000,0x0000000784000000,0x0000000784800000)
  to   space 8192K, 0% used [0x0000000783800000,0x0000000783800000,0x0000000784000000)
 ParOldGen       total 131072K, used 0K [0x0000000701800000, 0x0000000709800000, 0x0000000780800000)
  object space 131072K, 0% used [0x0000000701800000,0x0000000701800000,0x0000000709800000)
 Metaspace       used 12719K, capacity 13322K, committed 13568K, reserved 1060864K
  class space    used 1642K, capacity 1774K, committed 1792K, reserved 1048576K
Event: 2.208 GC heap after
Heap after GC invocations=1 (full 0):
 PSYoungGen      total 57344K, used 8183K [0x0000000780800000, 0x0000000784800000, 0x00000007c0000000)
  eden space 49152K, 0% used [0x0000000780800000,0x0000000780800000,0x0000000783800000)
  from space 8192K, 99% used [0x0000000783800000,0x0000000783ffdcd0,0x0000000784000000)
  to   space 8192K, 0% used [0x0000000784000000,0x0000000784000000,0x0000000784800000)
 ParOldGen       total 131072K, used 467K [0x0000000701800000, 0x0000000709800000, 0x0000000780800000)
  object space 131072K, 0% used [0x0000000701800000,0x0000000701874ff0,0x0000000709800000)
 Metaspace       used 12719K, capacity 13322K, committed 13568K, reserved 1060864K
  class space    used 1642K, capacity 1774K, committed 1792K, reserved 1048576K
}
Event: 4.116 GC heap before
{Heap before GC invocations=2 (full 0):
 PSYoungGen      total 57344K, used 53645K [0x0000000780800000, 0x0000000784800000, 0x00000007c0000000)
  eden space 49152K, 92% used [0x0000000780800000,0x0000000783465980,0x0000000783800000)
  from space 8192K, 99% used [0x0000000783800000,0x0000000783ffdcd0,0x0000000784000000)
  to   space 8192K, 0% used [0x0000000784000000,0x0000000784000000,0x0000000784800000)
 ParOldGen       total 131072K, used 467K [0x0000000701800000, 0x0000000709800000, 0x0000000780800000)
  object space 131072K, 0% used [0x0000000701800000,0x0000000701874ff0,0x0000000709800000)
 Metaspace       used 20234K, capacity 21260K, committed 21296K, reserved 1067008K
  class space    used 2771K, capacity 2943K, committed 2944K, reserved 1048576K
Event: 4.156 GC heap after
Heap after GC invocations=2 (full 0):
 PSYoungGen      total 57344K, used 8174K [0x0000000780800000, 0x0000000784800000, 0x00000007c0000000)
  eden space 49152K, 0% used [0x0000000780800000,0x0000000780800000,0x0000000783800000)
  from space 8192K, 99% used [0x0000000784000000,0x00000007847fb910,0x0000000784800000)
  to   space 8192K, 0% used [0x0000000783800000,0x0000000783800000,0x0000000784000000)
 ParOldGen       total 131072K, used 2311K [0x0000000701800000, 0x0000000709800000, 0x0000000780800000)
  object space 131072K, 1% used [0x0000000701800000,0x0000000701a41fc8,0x0000000709800000)
 Metaspace       used 20234K, capacity 21260K, committed 21296K, reserved 1067008K
  class space    used 2771K, capacity 2943K, committed 2944K, reserved 1048576K
}
Event: 4.156 GC heap before
{Heap before GC invocations=3 (full 1):
 PSYoungGen      total 57344K, used 8174K [0x0000000780800000, 0x0000000784800000, 0x00000007c0000000)
  eden space 49152K, 0% used [0x0000000780800000,0x0000000780800000,0x0000000783800000)
  from space 8192K, 99% used [0x0000000784000000,0x00000007847fb910,0x0000000784800000)
  to   space 8192K, 0% used [0x0000000783800000,0x0000000783800000,0x0000000784000000)
 ParOldGen       total 131072K, used 2311K [0x0000000701800000, 0x0000000709800000, 0x0000000780800000)
  object space 131072K, 1% used [0x0000000701800000,0x0000000701a41fc8,0x0000000709800000)
 Metaspace       used 20234K, capacity 21260K, committed 21296K, reserved 1067008K
  class space    used 2771K, capacity 2943K, committed 2944K, reserved 1048576K
Event: 4.203 GC heap after
Heap after GC invocations=3 (full 1):
 PSYoungGen      total 57344K, used 0K [0x0000000780800000, 0x0000000784800000, 0x00000007c0000000)
  eden space 49152K, 0% used [0x0000000780800000,0x0000000780800000,0x0000000783800000)
  from space 8192K, 0% used [0x0000000784000000,0x0000000784000000,0x0000000784800000)
  to   space 8192K, 0% used [0x0000000783800000,0x0000000783800000,0x0000000784000000)
 ParOldGen       total 84480K, used 9714K [0x0000000701800000, 0x0000000706a80000, 0x0000000780800000)
  object space 84480K, 11% used [0x0000000701800000,0x000000070217cb70,0x0000000706a80000)
 Metaspace       used 20234K, capacity 21260K, committed 21296K, reserved 1067008K
  class space    used 2771K, capacity 2943K, committed 2944K, reserved 1048576K
}
Event: 6.912 GC heap before
{Heap before GC invocations=4 (full 1):
 PSYoungGen      total 57344K, used 49152K [0x0000000780800000, 0x0000000784800000, 0x00000007c0000000)
  eden space 49152K, 100% used [0x0000000780800000,0x0000000783800000,0x0000000783800000)
  from space 8192K, 0% used [0x0000000784000000,0x0000000784000000,0x0000000784800000)
  to   space 8192K, 0% used [0x0000000783800000,0x0000000783800000,0x0000000784000000)
 ParOldGen       total 84480K, used 9714K [0x0000000701800000, 0x0000000706a80000, 0x0000000780800000)
  object space 84480K, 11% used [0x0000000701800000,0x000000070217cb90,0x0000000706a80000)
 Metaspace       used 27903K, capacity 29620K, committed 29824K, reserved 1075200K
  class space    used 3963K, capacity 4168K, committed 4224K, reserved 1048576K
Event: 6.917 GC heap after
Heap after GC invocations=4 (full 1):
 PSYoungGen      total 57344K, used 6026K [0x0000000780800000, 0x0000000785e00000, 0x00000007c0000000)
  eden space 49152K, 0% used [0x0000000780800000,0x0000000780800000,0x0000000783800000)
  from space 8192K, 73% used [0x0000000783800000,0x0000000783de2b58,0x0000000784000000)
  to   space 8192K, 0% used [0x0000000785600000,0x0000000785600000,0x0000000785e00000)
 ParOldGen       total 84480K, used 9722K [0x0000000701800000, 0x0000000706a80000, 0x0000000780800000)
  object space 84480K, 11% used [0x0000000701800000,0x000000070217eb90,0x0000000706a80000)
 Metaspace       used 27903K, capacity 29620K, committed 29824K, reserved 1075200K
  class space    used 3963K, capacity 4168K, committed 4224K, reserved 1048576K
}

