# JRE version: Java(TM) SE Runtime Environment (8.0_151-b12) (build 1.8.0_151-b12)
# Java VM: Java HotSpot(TM) 64-Bit Server VM (25.151-b12 mixed mode windows-amd64 compressed oops)
Heap:
 PSYoungGen      total 57344K, used 8647K [0x0000000780800000, 0x0000000784f80000, 0x00000007c0000000)
  eden space 49152K, 5% used [0x0000000780800000,0x0000000780a8abe8,0x0000000783800000)
  from space 8192K, 73% used [0x0000000783800000,0x0000000783de71e8,0x0000000784000000)
  to   space 8192K, 0% used [0x0000000784780000,0x0000000784780000,0x0000000784f80000)
 ParOldGen       total 101376K, used 9717K [0x0000000701800000, 0x0000000707b00000, 0x0000000780800000)
  object space 101376K, 9% used [0x0000000701800000,0x000000070217d678,0x0000000707b00000)
 Metaspace       used 28076K, capacity 29810K, committed 30080K, reserved 1075200K
  class space    used 3987K, capacity 4201K, committed 4224K, reserved 1048576K
GC Heap History (8 events):
Event: 2.132 GC heap before
{Heap before GC invocations=1 (full 0):
 PSYoungGen      total 57344K, used 49152K [0x0000000780800000, 0x0000000784800000, 0x00000007c0000000)
  eden space 49152K, 100% used [0x0000000780800000,0x0000000783800000,0x0000000783800000)
  from space 8192K, 0% used [0x0000000784000000,0x0000000784000000,0x0000000784800000)
  to   space 8192K, 0% used [0x0000000783800000,0x0000000783800000,0x0000000784000000)
 ParOldGen       total 131072K, used 0K [0x0000000701800000, 0x0000000709800000, 0x0000000780800000)
  object space 131072K, 0% used [0x0000000701800000,0x0000000701800000,0x0000000709800000)
 Metaspace       used 12712K, capacity 13258K, committed 13312K, reserved 1060864K
  class space    used 1642K, capacity 1774K, committed 1792K, reserved 1048576K
Event: 2.142 GC heap after
Heap after GC invocations=1 (full 0):
 PSYoungGen      total 57344K, used 8186K [0x0000000780800000, 0x0000000784800000, 0x00000007c0000000)
  eden space 49152K, 0% used [0x0000000780800000,0x0000000780800000,0x0000000783800000)
  from space 8192K, 99% used [0x0000000783800000,0x0000000783ffea08,0x0000000784000000)
  to   space 8192K, 0% used [0x0000000784000000,0x0000000784000000,0x0000000784800000)
 ParOldGen       total 131072K, used 541K [0x0000000701800000, 0x0000000709800000, 0x0000000780800000)
  object space 131072K, 0% used [0x0000000701800000,0x00000007018876c0,0x0000000709800000)
 Metaspace       used 12712K, capacity 13258K, committed 13312K, reserved 1060864K
  class space    used 1642K, capacity 1774K, committed 1792K, reserved 1048576K
}
Event: 3.774 GC heap before
{Heap before GC invocations=2 (full 0):
 PSYoungGen      total 57344K, used 53878K [0x0000000780800000, 0x0000000784800000, 0x00000007c0000000)
  eden space 49152K, 92% used [0x0000000780800000,0x000000078349f128,0x0000000783800000)
  from space 8192K, 99% used [0x0000000783800000,0x0000000783ffea08,0x0000000784000000)
  to   space 8192K, 0% used [0x0000000784000000,0x0000000784000000,0x0000000784800000)
 ParOldGen       total 131072K, used 541K [0x0000000701800000, 0x0000000709800000, 0x0000000780800000)
  object space 131072K, 0% used [0x0000000701800000,0x00000007018876c0,0x0000000709800000)
 Metaspace       used 20219K, capacity 21256K, committed 21296K, reserved 1067008K
  class space    used 2772K, capacity 2943K, committed 2944K, reserved 1048576K
Event: 3.786 GC heap after
Heap after GC invocations=2 (full 0):
 PSYoungGen      total 57344K, used 8190K [0x0000000780800000, 0x0000000784800000, 0x00000007c0000000)
  eden space 49152K, 0% used [0x0000000780800000,0x0000000780800000,0x0000000783800000)
  from space 8192K, 99% used [0x0000000784000000,0x00000007847ff9a0,0x0000000784800000)
  to   space 8192K, 0% used [0x0000000783800000,0x0000000783800000,0x0000000784000000)
 ParOldGen       total 131072K, used 2387K [0x0000000701800000, 0x0000000709800000, 0x0000000780800000)
  object space 131072K, 1% used [0x0000000701800000,0x0000000701a54e58,0x0000000709800000)
 Metaspace       used 20219K, capacity 21256K, committed 21296K, reserved 1067008K
  class space    used 2772K, capacity 2943K, committed 2944K, reserved 1048576K
}
Event: 3.786 GC heap before
{Heap before GC invocations=3 (full 1):
 PSYoungGen      total 57344K, used 8190K [0x0000000780800000, 0x0000000784800000, 0x00000007c0000000)
  eden space 49152K, 0% used [0x0000000780800000,0x0000000780800000,0x0000000783800000)
  from space 8192K, 99% used [0x0000000784000000,0x00000007847ff9a0,0x0000000784800000)
  to   space 8192K, 0% used [0x0000000783800000,0x0000000783800000,0x0000000784000000)
 ParOldGen       total 131072K, used 2387K [0x0000000701800000, 0x0000000709800000, 0x0000000780800000)
  object space 131072K, 1% used [0x0000000701800000,0x0000000701a54e58,0x0000000709800000)
 Metaspace       used 20219K, capacity 21256K, committed 21296K, reserved 1067008K
  class space    used 2772K, capacity 2943K, committed 2944K, reserved 1048576K
Event: 3.884 GC heap after
Heap after GC invocations=3 (full 1):
 PSYoungGen      total 57344K, used 0K [0x0000000780800000, 0x0000000784800000, 0x00000007c0000000)
  eden space 49152K, 0% used [0x0000000780800000,0x0000000780800000,0x0000000783800000)
  from space 8192K, 0% used [0x0000000784000000,0x0000000784000000,0x0000000784800000)
  to   space 8192K, 0% used [0x0000000783800000,0x0000000783800000,0x0000000784000000)
 ParOldGen       total 101376K, used 9709K [0x0000000701800000, 0x0000000707b00000, 0x0000000780800000)
  object space 101376K, 9% used [0x0000000701800000,0x000000070217b658,0x0000000707b00000)
 Metaspace       used 20219K, capacity 21256K, committed 21296K, reserved 1067008K
  class space    used 2772K, capacity 2943K, committed 2944K, reserved 1048576K
}
Event: 7.175 GC heap before
{Heap before GC invocations=4 (full 1):
 PSYoungGen      total 57344K, used 49152K [0x0000000780800000, 0x0000000784800000, 0x00000007c0000000)
  eden space 49152K, 100% used [0x0000000780800000,0x0000000783800000,0x0000000783800000)
  from space 8192K, 0% used [0x0000000784000000,0x0000000784000000,0x0000000784800000)
  to   space 8192K, 0% used [0x0000000783800000,0x0000000783800000,0x0000000784000000)
 ParOldGen       total 101376K, used 9709K [0x0000000701800000, 0x0000000707b00000, 0x0000000780800000)
  object space 101376K, 9% used [0x0000000701800000,0x000000070217b678,0x0000000707b00000)
 Metaspace       used 27915K, capacity 29676K, committed 29824K, reserved 1075200K
  class space    used 3965K, capacity 4200K, committed 4224K, reserved 1048576K
Event: 7.180 GC heap after
Heap after GC invocations=4 (full 1):
 PSYoungGen      total 57344K, used 6044K [0x0000000780800000, 0x0000000784f80000, 0x00000007c0000000)
  eden space 49152K, 0% used [0x0000000780800000,0x0000000780800000,0x0000000783800000)
  from space 8192K, 73% used [0x0000000783800000,0x0000000783de71e8,0x0000000784000000)
  to   space 8192K, 0% used [0x0000000784780000,0x0000000784780000,0x0000000784f80000)
 ParOldGen       total 101376K, used 9717K [0x0000000701800000, 0x0000000707b00000, 0x0000000780800000)
  object space 101376K, 9% used [0x0000000701800000,0x000000070217d678,0x0000000707b00000)
 Metaspace       used 27915K, capacity 29676K, committed 29824K, reserved 1075200K
  class space    used 3965K, capacity 4200K, committed 4224K, reserved 1048576K
}

